Error: Mismatching encryption keys. The encryption key in the settings file /home/node/.n8n/config does not match the N8N_ENCRYPTION_KEY env var. Please make sure both keys match. More information: https://docs.n8n.io/hosting/environment-variables/configuration-methods/#encryption-key
    at InstanceSettings.loadOrCreate (/usr/local/lib/node_modules/n8n/node_modules/.pnpm/n8n-core@file+packages+core_@opentelemetry+api@1.9.0_@opentelemetry+exporter-trace-otlp_4dbefa9881a7c57a9e05a20ce4387c10/node_modules/n8n-core/src/instance-settings/instance-settings.ts:203:11)
    at new InstanceSettings (/usr/local/lib/node_modules/n8n/node_modules/.pnpm/n8n-core@file+packages+core_@opentelemetry+api@1.9.0_@opentelemetry+exporter-trace-otlp_4dbefa9881a7c57a9e05a20ce4387c10/node_modules/n8n-core/src/instance-settings/instance-settings.ts:70:24)
    at ContainerClass.get (/usr/local/lib/node_modules/n8n/node_modules/.pnpm/@n8n+di@file+packages+@n8n+di/node_modules/@n8n/di/src/di.ts:104:16)
    at CommunityPackagesModule.loadDir (/usr/local/lib/node_modules/n8n/src/modules/community-packages/community-packages.module.ts:41:30)
    at ModuleRegistry.loadModules (/usr/local/lib/node_modules/n8n/node_modules/.pnpm/@n8n+backend-common@file+packages+@n8n+backend-common/node_modules/@n8n/backend-common/src/modules/module-registry.ts:104:20)
    at CommandRegistry.execute (/usr/local/lib/node_modules/n8n/src/command-registry.ts:46:3)
    at /usr/local/lib/node_modules/n8n/bin/n8n:63:2
Error: Mismatching encryption keys. The encryption key in the settings file /home/node/.n8n/config does not match the N8N_ENCRYPTION_KEY env var. Please make sure both keys match. More information: https://docs.n8n.io/hosting/environment-variables/configuration-methods/#encryption-key
    at InstanceSettings.loadOrCreate (/usr/local/lib/node_modules/n8n/node_modules/.pnpm/n8n-core@file+packages+core_@opentelemetry+api@1.9.0_@opentelemetry+exporter-trace-otlp_4dbefa9881a7c57a9e05a20ce4387c10/node_modules/n8n-core/src/instance-settings/instance-settings.ts:203:11)
    at new InstanceSettings (/usr/local/lib/node_modules/n8n/node_modules/.pnpm/n8n-core@file+packages+core_@opentelemetry+api@1.9.0_@opentelemetry+exporter-trace-otlp_4dbefa9881a7c57a9e05a20ce4387c10/node_modules/n8n-core/src/instance-settings/instance-settings.ts:70:24)
    at ContainerClass.get (/usr/local/lib/node_modules/n8n/node_modules/.pnpm/@n8n+di@file+packages+@n8n+di/node_modules/@n8n/di/src/di.ts:104:16)
    at CommunityPackagesModule.loadDir (/usr/local/lib/node_modules/n8n/src/modules/community-packages/community-packages.module.ts:41:30)
    at ModuleRegistry.loadModules (/usr/local/lib/node_modules/n8n/node_modules/.pnpm/@n8n+backend-common@file+packages+@n8n+backend-common/node_modules/@n8n/backend-common/src/modules/module-registry.ts:104:20)
    at CommandRegistry.execute (/usr/local/lib/node_modules/n8n/src/command-registry.ts:46:3)
    at /usr/local/lib/node_modules/n8n/bin/n8n:63:2
Error: Mismatching encryption keys. The encryption key in the settings file /home/node/.n8n/config does not match the N8N_ENCRYPTION_KEY env var. Please make sure both keys match. More information: https://docs.n8n.io/hosting/environment-variables/configuration-methods/#encryption-key
    at InstanceSettings.loadOrCreate (/usr/local/lib/node_modules/n8n/node_modules/.pnpm/n8n-core@file+packages+core_@opentelemetry+api@1.9.0_@opentelemetry+exporter-trace-otlp_4dbefa9881a7c57a9e05a20ce4387c10/node_modules/n8n-core/src/instance-settings/instance-settings.ts:203:11)
    at new InstanceSettings (/usr/local/lib/node_modules/n8n/node_modules/.pnpm/n8n-core@file+packages+core_@opentelemetry+api@1.9.0_@opentelemetry+exporter-trace-otlp_4dbefa9881a7c57a9e05a20ce4387c10/node_modules/n8n-core/src/instance-settings/instance-settings.ts:70:24)
    at ContainerClass.get (/usr/local/lib/node_modules/n8n/node_modules/.pnpm/@n8n+di@file+packages+@n8n+di/node_modules/@n8n/di/src/di.ts:104:16)
    at CommunityPackagesModule.loadDir (/usr/local/lib/node_modules/n8n/src/modules/community-packages/community-packages.module.ts:41:30)
    at ModuleRegistry.loadModules (/usr/local/lib/node_modules/n8n/node_modules/.pnpm/@n8n+backend-common@file+packages+@n8n+backend-common/node_modules/@n8n/backend-common/src/modules/module-registry.ts:104:20)
    at CommandRegistry.execute (/usr/local/lib/node_modules/n8n/src/command-registry.ts:46:3)
    at /usr/local/lib/node_modules/n8n/bin/n8n:63:2
Error: Mismatching encryption keys. The encryption key in the settings file /home/node/.n8n/config does not match the N8N_ENCRYPTION_KEY env var. Please make sure both keys match. More information: https://docs.n8n.io/hosting/environment-variables/configuration-methods/#encryption-key
    at InstanceSettings.loadOrCreate (/usr/local/lib/node_modules/n8n/node_modules/.pnpm/n8n-core@file+packages+core_@opentelemetry+api@1.9.0_@opentelemetry+exporter-trace-otlp_4dbefa9881a7c57a9e05a20ce4387c10/node_modules/n8n-core/src/instance-settings/instance-settings.ts:203:11)
    at new InstanceSettings (/usr/local/lib/node_modules/n8n/node_modules/.pnpm/n8n-core@file+packages+core_@opentelemetry+api@1.9.0_@opentelemetry+exporter-trace-otlp_4dbefa9881a7c57a9e05a20ce4387c10/node_modules/n8n-core/src/instance-settings/instance-settings.ts:70:24)
    at ContainerClass.get (/usr/local/lib/node_modules/n8n/node_modules/.pnpm/@n8n+di@file+packages+@n8n+di/node_modules/@n8n/di/src/di.ts:104:16)
    at CommunityPackagesModule.loadDir (/usr/local/lib/node_modules/n8n/src/modules/community-packages/community-packages.module.ts:41:30)
    at ModuleRegistry.loadModules (/usr/local/lib/node_modules/n8n/node_modules/.pnpm/@n8n+backend-common@file+packages+@n8n+backend-common/node_modules/@n8n/backend-common/src/modules/module-registry.ts:104:20)
    at CommandRegistry.execute (/usr/local/lib/node_modules/n8n/src/command-registry.ts:46:3)
    at /usr/local/lib/node_modules/n8n/bin/n8n:63:2
